2013-03-18 16:03:18
Full thread dump Java HotSpot(TM) Server VM (20.6-b01 mixed mode):

"OOB-70,null" prio=10 tid=0x6ee3a800 nid=0x3928 waiting on condition [0x6d8ba000]
   java.lang.Thread.State: TIMED_WAITING (parking)
	at sun.misc.Unsafe.park(Native Method)
	- parking to wait for  <0x9f660108> (a java.util.concurrent.SynchronousQueue$TransferStack)
	at java.util.concurrent.locks.LockSupport.parkNanos(LockSupport.java:196)
	at java.util.concurrent.SynchronousQueue$TransferStack.awaitFulfill(SynchronousQueue.java:424)
	at java.util.concurrent.SynchronousQueue$TransferStack.transfer(SynchronousQueue.java:323)
	at java.util.concurrent.SynchronousQueue.poll(SynchronousQueue.java:874)
	at java.util.concurrent.ThreadPoolExecutor.getTask(ThreadPoolExecutor.java:945)
	at java.util.concurrent.ThreadPoolExecutor$Worker.run(ThreadPoolExecutor.java:907)
	at java.lang.Thread.run(Thread.java:662)

   Locked ownable synchronizers:
	- None

"FD_SOCK client connection handler,TPTest,localhost-46530" daemon prio=10 tid=0x6f015c00 nid=0x38fb runnable [0x6e05c000]
   java.lang.Thread.State: RUNNABLE
	at java.net.SocketInputStream.socketRead0(Native Method)
	at java.net.SocketInputStream.read(SocketInputStream.java:129)
	at java.net.SocketInputStream.read(SocketInputStream.java:182)
	at org.jgroups.protocols.FD_SOCK$ClientConnectionHandler.run(FD_SOCK.java:1116)
	at java.lang.Thread.run(Thread.java:662)

   Locked ownable synchronizers:
	- None

"OOB-69,null" prio=10 tid=0x6ee3b000 nid=0x3882 waiting on condition [0x6db83000]
   java.lang.Thread.State: TIMED_WAITING (parking)
	at sun.misc.Unsafe.park(Native Method)
	- parking to wait for  <0x9f660108> (a java.util.concurrent.SynchronousQueue$TransferStack)
	at java.util.concurrent.locks.LockSupport.parkNanos(LockSupport.java:196)
	at java.util.concurrent.SynchronousQueue$TransferStack.awaitFulfill(SynchronousQueue.java:424)
	at java.util.concurrent.SynchronousQueue$TransferStack.transfer(SynchronousQueue.java:323)
	at java.util.concurrent.SynchronousQueue.poll(SynchronousQueue.java:874)
	at java.util.concurrent.ThreadPoolExecutor.getTask(ThreadPoolExecutor.java:945)
	at java.util.concurrent.ThreadPoolExecutor$Worker.run(ThreadPoolExecutor.java:907)
	at java.lang.Thread.run(Thread.java:662)

   Locked ownable synchronizers:
	- None

"FD_SOCK pinger,TPTest,localhost-46530" daemon prio=10 tid=0x6e146800 nid=0x3613 runnable [0x6d9fe000]
   java.lang.Thread.State: RUNNABLE
	at java.net.SocketInputStream.socketRead0(Native Method)
	at java.net.SocketInputStream.read(SocketInputStream.java:129)
	at java.net.SocketInputStream.read(SocketInputStream.java:182)
	at org.jgroups.protocols.FD_SOCK.run(FD_SOCK.java:414)
	at java.lang.Thread.run(Thread.java:662)

   Locked ownable synchronizers:
	- None

"RMI TCP Connection(5)-127.0.0.1" daemon prio=10 tid=0x6f108800 nid=0x3073 runnable [0x6d95c000]
   java.lang.Thread.State: RUNNABLE
	at java.net.SocketInputStream.socketRead0(Native Method)
	at java.net.SocketInputStream.read(SocketInputStream.java:129)
	at java.io.BufferedInputStream.fill(BufferedInputStream.java:218)
	at java.io.BufferedInputStream.read(BufferedInputStream.java:237)
	- locked <0x9f660390> (a java.io.BufferedInputStream)
	at java.io.FilterInputStream.read(FilterInputStream.java:66)
	at sun.rmi.transport.tcp.TCPTransport.handleMessages(TCPTransport.java:517)
	at sun.rmi.transport.tcp.TCPTransport$ConnectionHandler.run0(TCPTransport.java:790)
	at sun.rmi.transport.tcp.TCPTransport$ConnectionHandler.run(TCPTransport.java:649)
	at java.util.concurrent.ThreadPoolExecutor$Worker.runTask(ThreadPoolExecutor.java:886)
	at java.util.concurrent.ThreadPoolExecutor$Worker.run(ThreadPoolExecutor.java:908)
	at java.lang.Thread.run(Thread.java:662)

   Locked ownable synchronizers:
	- <0x9f6666a0> (a java.util.concurrent.locks.ReentrantLock$NonfairSync)

"RMI TCP Connection(4)-127.0.0.1" daemon prio=10 tid=0x6f107800 nid=0x3071 runnable [0x6d9ad000]
   java.lang.Thread.State: RUNNABLE
	at java.net.SocketInputStream.socketRead0(Native Method)
	at java.net.SocketInputStream.read(SocketInputStream.java:129)
	at java.io.BufferedInputStream.fill(BufferedInputStream.java:218)
	at java.io.BufferedInputStream.read(BufferedInputStream.java:237)
	- locked <0x9f6662f8> (a java.io.BufferedInputStream)
	at java.io.FilterInputStream.read(FilterInputStream.java:66)
	at sun.rmi.transport.tcp.TCPTransport.handleMessages(TCPTransport.java:517)
	at sun.rmi.transport.tcp.TCPTransport$ConnectionHandler.run0(TCPTransport.java:790)
	at sun.rmi.transport.tcp.TCPTransport$ConnectionHandler.run(TCPTransport.java:649)
	at java.util.concurrent.ThreadPoolExecutor$Worker.runTask(ThreadPoolExecutor.java:886)
	at java.util.concurrent.ThreadPoolExecutor$Worker.run(ThreadPoolExecutor.java:908)
	at java.lang.Thread.run(Thread.java:662)

   Locked ownable synchronizers:
	- <0x9f6664e8> (a java.util.concurrent.locks.ReentrantLock$NonfairSync)

"JMX server connection timeout 35" daemon prio=10 tid=0x6f309400 nid=0x3065 in Object.wait() [0x6dbd4000]
   java.lang.Thread.State: TIMED_WAITING (on object monitor)
	at java.lang.Object.wait(Native Method)
	- waiting on <0x9f666950> (a [I)
	at com.sun.jmx.remote.internal.ServerCommunicatorAdmin$Timeout.run(ServerCommunicatorAdmin.java:150)
	- locked <0x9f666950> (a [I)
	at java.lang.Thread.run(Thread.java:662)

   Locked ownable synchronizers:
	- None

"RMI Scheduler(0)" daemon prio=10 tid=0x6f307c00 nid=0x3063 waiting on condition [0x6dc25000]
   java.lang.Thread.State: TIMED_WAITING (parking)
	at sun.misc.Unsafe.park(Native Method)
	- parking to wait for  <0x9f662860> (a java.util.concurrent.locks.AbstractQueuedSynchronizer$ConditionObject)
	at java.util.concurrent.locks.LockSupport.parkNanos(LockSupport.java:196)
	at java.util.concurrent.locks.AbstractQueuedSynchronizer$ConditionObject.awaitNanos(AbstractQueuedSynchronizer.java:2025)
	at java.util.concurrent.DelayQueue.take(DelayQueue.java:164)
	at java.util.concurrent.ScheduledThreadPoolExecutor$DelayedWorkQueue.take(ScheduledThreadPoolExecutor.java:609)
	at java.util.concurrent.ScheduledThreadPoolExecutor$DelayedWorkQueue.take(ScheduledThreadPoolExecutor.java:602)
	at java.util.concurrent.ThreadPoolExecutor.getTask(ThreadPoolExecutor.java:947)
	at java.util.concurrent.ThreadPoolExecutor$Worker.run(ThreadPoolExecutor.java:907)
	at java.lang.Thread.run(Thread.java:662)

   Locked ownable synchronizers:
	- None

"RMI TCP Connection(1)-127.0.0.1" daemon prio=10 tid=0x6f104c00 nid=0x3062 in Object.wait() [0x6dc76000]
   java.lang.Thread.State: TIMED_WAITING (on object monitor)
	at java.lang.Object.wait(Native Method)
	- waiting on <0x9f67fc90> (a com.sun.jmx.remote.internal.ArrayNotificationBuffer)
	at com.sun.jmx.remote.internal.ArrayNotificationBuffer.fetchNotifications(ArrayNotificationBuffer.java:417)
	- locked <0x9f67fc90> (a com.sun.jmx.remote.internal.ArrayNotificationBuffer)
	at com.sun.jmx.remote.internal.ArrayNotificationBuffer$ShareBuffer.fetchNotifications(ArrayNotificationBuffer.java:209)
	at com.sun.jmx.remote.internal.ServerNotifForwarder.fetchNotifs(ServerNotifForwarder.java:258)
	at javax.management.remote.rmi.RMIConnectionImpl$2.run(RMIConnectionImpl.java:1227)
	at javax.management.remote.rmi.RMIConnectionImpl$2.run(RMIConnectionImpl.java:1225)
	at javax.management.remote.rmi.RMIConnectionImpl.fetchNotifications(RMIConnectionImpl.java:1231)
	at sun.reflect.NativeMethodAccessorImpl.invoke0(Native Method)
	at sun.reflect.NativeMethodAccessorImpl.invoke(NativeMethodAccessorImpl.java:39)
	at sun.reflect.DelegatingMethodAccessorImpl.invoke(DelegatingMethodAccessorImpl.java:25)
	at java.lang.reflect.Method.invoke(Method.java:597)
	at sun.rmi.server.UnicastServerRef.dispatch(UnicastServerRef.java:303)
	at sun.rmi.transport.Transport$1.run(Transport.java:159)
	at java.security.AccessController.doPrivileged(Native Method)
	at sun.rmi.transport.Transport.serviceCall(Transport.java:155)
	at sun.rmi.transport.tcp.TCPTransport.handleMessages(TCPTransport.java:535)
	at sun.rmi.transport.tcp.TCPTransport$ConnectionHandler.run0(TCPTransport.java:790)
	at sun.rmi.transport.tcp.TCPTransport$ConnectionHandler.run(TCPTransport.java:649)
	at java.util.concurrent.ThreadPoolExecutor$Worker.runTask(ThreadPoolExecutor.java:886)
	at java.util.concurrent.ThreadPoolExecutor$Worker.run(ThreadPoolExecutor.java:908)
	at java.lang.Thread.run(Thread.java:662)

   Locked ownable synchronizers:
	- <0x9f666720> (a java.util.concurrent.locks.ReentrantLock$NonfairSync)

"RMI TCP Accept-0" daemon prio=10 tid=0x6f031400 nid=0x305f runnable [0x6dcc7000]
   java.lang.Thread.State: RUNNABLE
	at java.net.PlainSocketImpl.socketAccept(Native Method)
	at java.net.PlainSocketImpl.accept(PlainSocketImpl.java:408)
	- locked <0x9f689d90> (a java.net.SocksSocketImpl)
	at java.net.ServerSocket.implAccept(ServerSocket.java:462)
	at java.net.ServerSocket.accept(ServerSocket.java:430)
	at sun.management.jmxremote.LocalRMIServerSocketFactory$1.accept(LocalRMIServerSocketFactory.java:34)
	at sun.rmi.transport.tcp.TCPTransport$AcceptLoop.executeAcceptLoop(TCPTransport.java:369)
	at sun.rmi.transport.tcp.TCPTransport$AcceptLoop.run(TCPTransport.java:341)
	at java.lang.Thread.run(Thread.java:662)

   Locked ownable synchronizers:
	- None

"Attach Listener" daemon prio=10 tid=0x6e804000 nid=0x305e waiting on condition [0x00000000]
   java.lang.Thread.State: RUNNABLE

   Locked ownable synchronizers:
	- None

"Incoming-2,null" prio=10 tid=0x6ee50400 nid=0x2feb waiting on condition [0x6dd69000]
   java.lang.Thread.State: WAITING (parking)
	at sun.misc.Unsafe.park(Native Method)
	- parking to wait for  <0x9f68a260> (a java.util.concurrent.locks.AbstractQueuedSynchronizer$ConditionObject)
	at java.util.concurrent.locks.LockSupport.park(LockSupport.java:156)
	at java.util.concurrent.locks.AbstractQueuedSynchronizer$ConditionObject.await(AbstractQueuedSynchronizer.java:1987)
	at java.util.concurrent.LinkedBlockingQueue.take(LinkedBlockingQueue.java:399)
	at java.util.concurrent.ThreadPoolExecutor.getTask(ThreadPoolExecutor.java:947)
	at java.util.concurrent.ThreadPoolExecutor$Worker.run(ThreadPoolExecutor.java:907)
	at java.lang.Thread.run(Thread.java:662)

   Locked ownable synchronizers:
	- None

"Incoming-1,null" prio=10 tid=0x6e3ae400 nid=0x2fea waiting on condition [0x6ddba000]
   java.lang.Thread.State: WAITING (parking)
	at sun.misc.Unsafe.park(Native Method)
	- parking to wait for  <0x9f68a260> (a java.util.concurrent.locks.AbstractQueuedSynchronizer$ConditionObject)
	at java.util.concurrent.locks.LockSupport.park(LockSupport.java:156)
	at java.util.concurrent.locks.AbstractQueuedSynchronizer$ConditionObject.await(AbstractQueuedSynchronizer.java:1987)
	at java.util.concurrent.LinkedBlockingQueue.take(LinkedBlockingQueue.java:399)
	at java.util.concurrent.ThreadPoolExecutor.getTask(ThreadPoolExecutor.java:947)
	at java.util.concurrent.ThreadPoolExecutor$Worker.run(ThreadPoolExecutor.java:907)
	at java.lang.Thread.run(Thread.java:662)

   Locked ownable synchronizers:
	- None

"Timer-5,<ADDR>" daemon prio=10 tid=0x6f303c00 nid=0x2fe7 waiting on condition [0x6de0b000]
   java.lang.Thread.State: WAITING (parking)
	at sun.misc.Unsafe.park(Native Method)
	- parking to wait for  <0x9f69c7c8> (a java.util.concurrent.locks.AbstractQueuedSynchronizer$ConditionObject)
	at java.util.concurrent.locks.LockSupport.park(LockSupport.java:156)
	at java.util.concurrent.locks.AbstractQueuedSynchronizer$ConditionObject.await(AbstractQueuedSynchronizer.java:1987)
	at java.util.concurrent.LinkedBlockingQueue.take(LinkedBlockingQueue.java:399)
	at java.util.concurrent.ThreadPoolExecutor.getTask(ThreadPoolExecutor.java:947)
	at java.util.concurrent.ThreadPoolExecutor$Worker.run(ThreadPoolExecutor.java:907)
	at java.lang.Thread.run(Thread.java:662)

   Locked ownable synchronizers:
	- None

"Timer-4,<ADDR>" daemon prio=10 tid=0x6f302c00 nid=0x2fe6 waiting on condition [0x6de5c000]
   java.lang.Thread.State: WAITING (parking)
	at sun.misc.Unsafe.park(Native Method)
	- parking to wait for  <0x9f69c7c8> (a java.util.concurrent.locks.AbstractQueuedSynchronizer$ConditionObject)
	at java.util.concurrent.locks.LockSupport.park(LockSupport.java:156)
	at java.util.concurrent.locks.AbstractQueuedSynchronizer$ConditionObject.await(AbstractQueuedSynchronizer.java:1987)
	at java.util.concurrent.LinkedBlockingQueue.take(LinkedBlockingQueue.java:399)
	at java.util.concurrent.ThreadPoolExecutor.getTask(ThreadPoolExecutor.java:947)
	at java.util.concurrent.ThreadPoolExecutor$Worker.run(ThreadPoolExecutor.java:907)
	at java.lang.Thread.run(Thread.java:662)

   Locked ownable synchronizers:
	- None

"Timer-3,<ADDR>" daemon prio=10 tid=0x6f301c00 nid=0x2fe5 waiting on condition [0x6dead000]
   java.lang.Thread.State: WAITING (parking)
	at sun.misc.Unsafe.park(Native Method)
	- parking to wait for  <0x9f69c7c8> (a java.util.concurrent.locks.AbstractQueuedSynchronizer$ConditionObject)
	at java.util.concurrent.locks.LockSupport.park(LockSupport.java:156)
	at java.util.concurrent.locks.AbstractQueuedSynchronizer$ConditionObject.await(AbstractQueuedSynchronizer.java:1987)
	at java.util.concurrent.LinkedBlockingQueue.take(LinkedBlockingQueue.java:399)
	at java.util.concurrent.ThreadPoolExecutor.getTask(ThreadPoolExecutor.java:947)
	at java.util.concurrent.ThreadPoolExecutor$Worker.run(ThreadPoolExecutor.java:907)
	at java.lang.Thread.run(Thread.java:662)

   Locked ownable synchronizers:
	- None

"FD_SOCK server socket acceptor,TPTest,localhost-46530" daemon prio=10 tid=0x6e395c00 nid=0x2fe2 runnable [0x6e0ad000]
   java.lang.Thread.State: RUNNABLE
	at java.net.PlainSocketImpl.socketAccept(Native Method)
	at java.net.PlainSocketImpl.accept(PlainSocketImpl.java:408)
	- locked <0x9f6ec418> (a java.net.SocksSocketImpl)
	at java.net.ServerSocket.implAccept(ServerSocket.java:462)
	at java.net.ServerSocket.accept(ServerSocket.java:430)
	at org.jgroups.protocols.FD_SOCK$ServerSocketHandler.run(FD_SOCK.java:1048)
	at java.lang.Thread.run(Thread.java:662)

   Locked ownable synchronizers:
	- None

"multicast receiver,null" prio=10 tid=0x6e3e6800 nid=0x2fe1 runnable [0x6e0fe000]
   java.lang.Thread.State: RUNNABLE
	at java.net.PlainDatagramSocketImpl.receive0(Native Method)
	- locked <0x9f69d058> (a java.net.PlainDatagramSocketImpl)
	at java.net.PlainDatagramSocketImpl.receive(PlainDatagramSocketImpl.java:145)
	- locked <0x9f69d058> (a java.net.PlainDatagramSocketImpl)
	at java.net.DatagramSocket.receive(DatagramSocket.java:725)
	- locked <0x9f6ec538> (a java.net.DatagramPacket)
	- locked <0x9f69d020> (a java.net.MulticastSocket)
	at org.jgroups.protocols.UDP$PacketReceiver.run(UDP.java:676)
	at java.lang.Thread.run(Thread.java:662)

   Locked ownable synchronizers:
	- None

"unicast receiver,null" prio=10 tid=0x6e3fa800 nid=0x2fe0 runnable [0x6e45a000]
   java.lang.Thread.State: RUNNABLE
	at java.net.PlainDatagramSocketImpl.receive0(Native Method)
	- locked <0x9f6eac80> (a java.net.PlainDatagramSocketImpl)
	at java.net.PlainDatagramSocketImpl.receive(PlainDatagramSocketImpl.java:145)
	- locked <0x9f6eac80> (a java.net.PlainDatagramSocketImpl)
	at java.net.DatagramSocket.receive(DatagramSocket.java:725)
	- locked <0x9f6ec558> (a java.net.DatagramPacket)
	- locked <0x9f6eac58> (a java.net.DatagramSocket)
	at org.jgroups.protocols.UDP$PacketReceiver.run(UDP.java:676)
	at java.lang.Thread.run(Thread.java:662)

   Locked ownable synchronizers:
	- None

"TransferQueueBundler,null" prio=10 tid=0x6e389800 nid=0x2fdf waiting on condition [0x6e4ab000]
   java.lang.Thread.State: WAITING (parking)
	at sun.misc.Unsafe.park(Native Method)
	- parking to wait for  <0x9f6e8820> (a java.util.concurrent.locks.AbstractQueuedSynchronizer$ConditionObject)
	at java.util.concurrent.locks.LockSupport.park(LockSupport.java:156)
	at java.util.concurrent.locks.AbstractQueuedSynchronizer$ConditionObject.await(AbstractQueuedSynchronizer.java:1987)
	at java.util.concurrent.LinkedBlockingQueue.take(LinkedBlockingQueue.java:399)
	at org.jgroups.protocols.TP$TransferQueueBundler.run(TP.java:2395)
	at java.lang.Thread.run(Thread.java:662)

   Locked ownable synchronizers:
	- None

"DiagnosticsHandler,null" daemon prio=10 tid=0x6e3d1800 nid=0x2fde runnable [0x6e4fc000]
   java.lang.Thread.State: RUNNABLE
	at java.net.PlainDatagramSocketImpl.receive0(Native Method)
	- locked <0x9f6e8e08> (a java.net.PlainDatagramSocketImpl)
	at java.net.PlainDatagramSocketImpl.receive(PlainDatagramSocketImpl.java:145)
	- locked <0x9f6e8e08> (a java.net.PlainDatagramSocketImpl)
	at java.net.DatagramSocket.receive(DatagramSocket.java:725)
	- locked <0x9f6eb818> (a java.net.DatagramPacket)
	- locked <0x9f6e8dd0> (a java.net.MulticastSocket)
	at org.jgroups.stack.DiagnosticsHandler.run(DiagnosticsHandler.java:116)
	at java.lang.Thread.run(Thread.java:662)

   Locked ownable synchronizers:
	- None

"Timer-2,<ADDR>" daemon prio=10 tid=0x6f301000 nid=0x2fdd waiting on condition [0x6e97d000]
   java.lang.Thread.State: WAITING (parking)
	at sun.misc.Unsafe.park(Native Method)
	- parking to wait for  <0x9f69c7c8> (a java.util.concurrent.locks.AbstractQueuedSynchronizer$ConditionObject)
	at java.util.concurrent.locks.LockSupport.park(LockSupport.java:156)
	at java.util.concurrent.locks.AbstractQueuedSynchronizer$ConditionObject.await(AbstractQueuedSynchronizer.java:1987)
	at java.util.concurrent.LinkedBlockingQueue.take(LinkedBlockingQueue.java:399)
	at java.util.concurrent.ThreadPoolExecutor.getTask(ThreadPoolExecutor.java:947)
	at java.util.concurrent.ThreadPoolExecutor$Worker.run(ThreadPoolExecutor.java:907)
	at java.lang.Thread.run(Thread.java:662)

   Locked ownable synchronizers:
	- None

"Timer runner-1,<ADDR>" daemon prio=10 tid=0x6e3e4000 nid=0x2fdb waiting on condition [0x6eb5c000]
   java.lang.Thread.State: TIMED_WAITING (parking)
	at sun.misc.Unsafe.park(Native Method)
	- parking to wait for  <0x9f6add38> (a java.util.concurrent.locks.AbstractQueuedSynchronizer$ConditionObject)
	at java.util.concurrent.locks.LockSupport.parkNanos(LockSupport.java:196)
	at java.util.concurrent.locks.AbstractQueuedSynchronizer$ConditionObject.await(AbstractQueuedSynchronizer.java:2116)
	at org.jgroups.util.TimeScheduler2.waitUntilNextExecution(TimeScheduler2.java:328)
	at org.jgroups.util.TimeScheduler2._run(TimeScheduler2.java:310)
	at org.jgroups.util.TimeScheduler2.run(TimeScheduler2.java:268)
	at java.lang.Thread.run(Thread.java:662)

   Locked ownable synchronizers:
	- None

"Low Memory Detector" daemon prio=10 tid=0xb6abc000 nid=0x2fd9 runnable [0x00000000]
   java.lang.Thread.State: RUNNABLE

   Locked ownable synchronizers:
	- None

"C2 CompilerThread1" daemon prio=10 tid=0xb6aba400 nid=0x2fd8 waiting on condition [0x00000000]
   java.lang.Thread.State: RUNNABLE

   Locked ownable synchronizers:
	- None

"C2 CompilerThread0" daemon prio=10 tid=0xb6ab8400 nid=0x2fd7 waiting on condition [0x00000000]
   java.lang.Thread.State: RUNNABLE

   Locked ownable synchronizers:
	- None

"Signal Dispatcher" daemon prio=10 tid=0xb6ab6c00 nid=0x2fd6 runnable [0x00000000]
   java.lang.Thread.State: RUNNABLE

   Locked ownable synchronizers:
	- None

"Finalizer" daemon prio=10 tid=0xb6aa8800 nid=0x2fd5 in Object.wait() [0x6f465000]
   java.lang.Thread.State: WAITING (on object monitor)
	at java.lang.Object.wait(Native Method)
	- waiting on <0x9f6ebaf0> (a java.lang.ref.ReferenceQueue$Lock)
	at java.lang.ref.ReferenceQueue.remove(ReferenceQueue.java:118)
	- locked <0x9f6ebaf0> (a java.lang.ref.ReferenceQueue$Lock)
	at java.lang.ref.ReferenceQueue.remove(ReferenceQueue.java:134)
	at java.lang.ref.Finalizer$FinalizerThread.run(Finalizer.java:159)

   Locked ownable synchronizers:
	- None

"Reference Handler" daemon prio=10 tid=0xb6aa7000 nid=0x2fd4 in Object.wait() [0x6ebad000]
   java.lang.Thread.State: WAITING (on object monitor)
	at java.lang.Object.wait(Native Method)
	- waiting on <0x9f660328> (a java.lang.ref.Reference$Lock)
	at java.lang.Object.wait(Object.java:485)
	at java.lang.ref.Reference$ReferenceHandler.run(Reference.java:116)
	- locked <0x9f660328> (a java.lang.ref.Reference$Lock)

   Locked ownable synchronizers:
	- None

"main" prio=10 tid=0xb6a04800 nid=0x2fce runnable [0xb6b6d000]
   java.lang.Thread.State: RUNNABLE
	at java.io.FileInputStream.readBytes(Native Method)
	at java.io.FileInputStream.read(FileInputStream.java:220)
	at java.io.BufferedInputStream.read1(BufferedInputStream.java:256)
	at java.io.BufferedInputStream.read(BufferedInputStream.java:317)
	- locked <0x9f6ee5e0> (a java.io.BufferedInputStream)
	at sun.nio.cs.StreamDecoder.readBytes(StreamDecoder.java:264)
	at sun.nio.cs.StreamDecoder.implRead(StreamDecoder.java:306)
	at sun.nio.cs.StreamDecoder.read(StreamDecoder.java:158)
	- locked <0x9e5812e8> (a java.io.InputStreamReader)
	at java.io.InputStreamReader.read(InputStreamReader.java:167)
	at java.io.BufferedReader.fill(BufferedReader.java:136)
	at java.io.BufferedReader.readLine(BufferedReader.java:299)
	- locked <0x9e5812e8> (a java.io.InputStreamReader)
	at java.io.BufferedReader.readLine(BufferedReader.java:362)
	at org.jgroups.util.Util.readStringFromStdin(Util.java:1267)
	at com.kylin.jgroups.test.TPTest.main(TPTest.java:42)

   Locked ownable synchronizers:
	- None

"VM Thread" prio=10 tid=0xb6aa3400 nid=0x2fd3 runnable 

"GC task thread#0 (ParallelGC)" prio=10 tid=0xb6a0bc00 nid=0x2fcf runnable 

"GC task thread#1 (ParallelGC)" prio=10 tid=0xb6a0d000 nid=0x2fd0 runnable 

"GC task thread#2 (ParallelGC)" prio=10 tid=0xb6a0e800 nid=0x2fd1 runnable 

"GC task thread#3 (ParallelGC)" prio=10 tid=0xb6a10000 nid=0x2fd2 runnable 

"VM Periodic Task Thread" prio=10 tid=0xb6ac6000 nid=0x2fda waiting on condition 

JNI global references: 1357

